ERROR: SQLSTATE[HY000] [2002] No such file or directory - /ajax/servers.php?sv=T1 at Friday 10th of February, 2017, 01:09:53 PM
ERROR: SQLSTATE[HY000] [2002] No such file or directory - /ajax/servers.php?sv=T1 at Friday 10th of February, 2017, 01:09:53 PM
ERROR: SQLSTATE[HY000] [2002] No such file or directory - /ajax/servers.php?sv=T1 at Friday 10th of February, 2017, 01:09:54 PM
ERROR: SQLSTATE[HY000] [2002] No such file or directory - /ajax/servers.php?sv=T1 at Friday 10th of February, 2017, 01:09:54 PM
ERROR: SQLSTATE[HY000] [2002] No such file or directory - /ajax/servers.php?sv=T1 at Friday 10th of February, 2017, 01:09:55 PM
ERROR: SQLSTATE[HY000] [2002] No such file or directory - /ajax/servers.php?sv=T1 at Friday 10th of February, 2017, 01:09:55 PM
ERROR: SQLSTATE[HY000] [2002] No such file or directory - /ajax/servers.php?sv=D1 at Saturday 11th of February, 2017, 09:36:50 AM
ERROR: SQLSTATE[HY000] [2002] Connection refused - /ajax/servers.php?sv=D1 at Monday 13th of February, 2017, 10:28:16 AM
ERROR: SQLSTATE[HY000] [2002] Connection refused - /ajax/servers.php?sv=D1 at Monday 13th of February, 2017, 10:28:16 AM
ERROR: SQLSTATE[HY000] [2002] Connection refused - /ajax/servers.php?sv=D2 at Monday 13th of February, 2017, 10:28:16 AM
ERROR: SQLSTATE[HY000] [2002] No such file or directory - /ajax/servers.php?sv=Attack at Saturday 11th of March, 2017, 02:16:44 PM
ERROR: SQLSTATE[HY000] [2002] No such file or directory - /ajax/servers.php?sv=Attack at Saturday 11th of March, 2017, 02:16:44 PM
ERROR: SQLSTATE[HY000] [2002] No such file or directory - /ajax/servers.php?sv=Attack at Saturday 11th of March, 2017, 02:16:45 PM
ERROR: SQLSTATE[HY000] [2002] No such file or directory - /ajax/hub.php?type=start&host=s95.zhufmc.cc&port=25565&time=50&method=ntp at Saturday 11th of March, 2017, 02:16:45 PM
ERROR: SQLSTATE[HY000] [2002] No such file or directory - /ajax/servers.php?sv=Attack at Saturday 11th of March, 2017, 02:16:45 PM
ERROR: SQLSTATE[HY000] [2002] No such file or directory - /ajax/servers.php?sv=Attack at Saturday 11th of March, 2017, 02:16:46 PM
ERROR: SQLSTATE[HY000] [2002] No such file or directory - /ajax/servers.php?sv=Attack at Saturday 11th of March, 2017, 02:16:46 PM
ERROR: SQLSTATE[HY000] [2002] No such file or directory - /ajax/servers.php?sv=Attack at Saturday 11th of March, 2017, 02:16:47 PM
ERROR: SQLSTATE[HY000] [2002] No such file or directory - /ajax/servers.php?sv=Attack at Saturday 11th of March, 2017, 02:16:47 PM
ERROR: SQLSTATE[HY000] [2002] No such file or directory - /ajax/servers.php?sv=Attack at Saturday 11th of March, 2017, 02:16:48 PM
ERROR: SQLSTATE[HY000] [1045] Access denied for user 'name'@'localhost' (using password: YES) - /ajax/servers.php?sv=1 at Saturday 15th of April, 2017, 07:57:59 PM
ERROR: SQLSTATE[HY000] [1045] Access denied for user 'name'@'localhost' (using password: YES) - /ajax/servers.php?sv=1 at Saturday 15th of April, 2017, 07:58:00 PM
ERROR: SQLSTATE[HY000] [1045] Access denied for user 'name'@'localhost' (using password: YES) - /ajax/servers.php?sv=1 at Saturday 15th of April, 2017, 07:58:01 PM
ERROR: SQLSTATE[HY000] [1045] Access denied for user 'name'@'localhost' (using password: YES) - /ajax/servers.php?sv=1 at Saturday 15th of April, 2017, 07:58:02 PM
ERROR: SQLSTATE[HY000] [1045] Access denied for user 'name'@'localhost' (using password: YES) - /ajax/servers.php?sv=1 at Saturday 15th of April, 2017, 07:58:03 PM
ERROR: SQLSTATE[HY000] [1045] Access denied for user 'name'@'localhost' (using password: YES) - /ajax/servers.php?sv=1 at Saturday 15th of April, 2017, 07:58:04 PM
ERROR: SQLSTATE[HY000] [1045] Access denied for user 'name'@'localhost' (using password: YES) - /ajax/servers.php?sv=1 at Saturday 15th of April, 2017, 07:58:05 PM
ERROR: SQLSTATE[HY000] [1045] Access denied for user 'name'@'localhost' (using password: YES) - /ajax/servers.php?sv=1 at Saturday 15th of April, 2017, 07:58:06 PM
ERROR: SQLSTATE[HY000] [1045] Access denied for user 'name'@'localhost' (using password: YES) - /ajax/servers.php?sv=1 at Saturday 15th of April, 2017, 07:58:07 PM
ERROR: SQLSTATE[HY000] [1045] Access denied for user 'name'@'localhost' (using password: YES) - /ajax/servers.php?sv=1 at Saturday 15th of April, 2017, 07:58:08 PM
ERROR: SQLSTATE[HY000] [1045] Access denied for user 'name'@'localhost' (using password: YES) - /ajax/servers.php?sv=1 at Saturday 15th of April, 2017, 07:58:09 PM
ERROR: SQLSTATE[HY000] [1045] Access denied for user 'name'@'localhost' (using password: YES) - /ajax/servers.php?sv=1 at Saturday 15th of April, 2017, 07:58:10 PM
ERROR: SQLSTATE[HY000] [1045] Access denied for user 'name'@'localhost' (using password: YES) - /ajax/servers.php?sv=1 at Saturday 15th of April, 2017, 07:58:11 PM
ERROR: SQLSTATE[HY000] [1045] Access denied for user 'name'@'localhost' (using password: YES) - /ajax/servers.php?sv=1 at Saturday 15th of April, 2017, 07:58:12 PM
ERROR: SQLSTATE[HY000] [1045] Access denied for user 'name'@'localhost' (using password: YES) - /ajax/servers.php?sv=1 at Saturday 15th of April, 2017, 07:58:13 PM
ERROR: SQLSTATE[HY000] [1045] Access denied for user 'name'@'localhost' (using password: YES) - /ajax/servers.php?sv=1 at Saturday 15th of April, 2017, 07:58:14 PM
ERROR: SQLSTATE[HY000] [1045] Access denied for user 'name'@'localhost' (using password: YES) - /ajax/servers.php?sv=1 at Saturday 15th of April, 2017, 07:58:15 PM
ERROR: SQLSTATE[HY000] [1045] Access denied for user 'name'@'localhost' (using password: YES) - /ajax/servers.php?sv=1 at Saturday 15th of April, 2017, 07:58:16 PM
ERROR: SQLSTATE[HY000] [1045] Access denied for user 'name'@'localhost' (using password: YES) - /ajax/servers.php?sv=1 at Saturday 15th of April, 2017, 07:58:17 PM
ERROR: SQLSTATE[HY000] [1045] Access denied for user 'name'@'localhost' (using password: YES) - /ajax/servers.php?sv=1 at Saturday 15th of April, 2017, 07:58:18 PM
ERROR: SQLSTATE[HY000] [1045] Access denied for user 'name'@'localhost' (using password: YES) - /ajax/servers.php?sv=1 at Saturday 15th of April, 2017, 07:58:19 PM
